%!Adobe-FontList 1.14
%Locale:0x409

%BeginFont
Handler:DirectoryHandler
FontType:TrueType
FontName:FontAwesome6Brands-Regular
FamilyName:Font Awesome 6 Brands
StyleName:Regular
FullName:Font Awesome 6 Brands Regular
MenuName:Font Awesome 6 Brands Regular
StyleBits:0
WritingScript:Roman
OutlineFileName:D:\BM\Font\webfonts\fa-brands-400.ttf
DataFormat:sfntData
FileLength:209128
FileModTime:1715666324
WeightClass:400
WidthClass:5
AngleClass:0
%EndFont

%BeginFont
Handler:DirectoryHandler
FontType:Invalid
OutlineFileName:D:\BM\Font\webfonts\fa-brands-400.woff2
FileModTime:1715666324
%EndFont

%BeginFont
Handler:DirectoryHandler
FontType:TrueType
FontName:FontAwesome6Free-Regular
FamilyName:Font Awesome 6 Free
StyleName:Regular
FullName:Font Awesome 6 Free Regular
MenuName:Font Awesome 6 Free Regular
StyleBits:0
WritingScript:Roman
OutlineFileName:D:\BM\Font\webfonts\fa-regular-400.ttf
DataFormat:sfntData
FileLength:67860
FileModTime:1715666324
WeightClass:400
WidthClass:5
AngleClass:0
%EndFont

%BeginFont
Handler:DirectoryHandler
FontType:Invalid
OutlineFileName:D:\BM\Font\webfonts\fa-regular-400.woff2
FileModTime:1715666324
%EndFont

%BeginFont
Handler:DirectoryHandler
FontType:TrueType
FontName:FontAwesome6Free-Solid
FamilyName:Font Awesome 6 Free
StyleName:Solid
FullName:Font Awesome 6 Free Solid
MenuName:Font Awesome 6 Free Solid
StyleBits:0
WritingScript:Roman
OutlineFileName:D:\BM\Font\webfonts\fa-solid-900.ttf
DataFormat:sfntData
FileLength:420332
FileModTime:1715666324
WeightClass:900
WidthClass:5
AngleClass:0
%EndFont

%BeginFont
Handler:DirectoryHandler
FontType:Invalid
OutlineFileName:D:\BM\Font\webfonts\fa-solid-900.woff2
FileModTime:1715666324
%EndFont

%BeginFont
Handler:DirectoryHandler
FontType:TrueType
FontName:FontAwesomev4Compatibility-Regular
FamilyName:Font Awesome v4 Compatibility
StyleName:Regular
FullName:Font Awesome v4 Compatibility Regular
MenuName:Font Awesome v4 Compatibility Regular
StyleBits:0
WritingScript:Roman
OutlineFileName:D:\BM\Font\webfonts\fa-v4compatibility.ttf
DataFormat:sfntData
FileLength:10832
FileModTime:1715666324
WeightClass:400
WidthClass:5
AngleClass:0
%EndFont

%BeginFont
Handler:DirectoryHandler
FontType:Invalid
OutlineFileName:D:\BM\Font\webfonts\fa-v4compatibility.woff2
FileModTime:1715666324
%EndFont

%BeginFont
Handler:DirectoryHandler
FontType:Invalid
OutlineFileName:D:\BM\Font\css\all.min.css
FileModTime:1715666272
%EndFont

%BeginFont
Handler:DirectoryHandler
FontType:Invalid
OutlineFileName:D:\BM\Font\css\fontawesome.min.css
FileModTime:1715666272
%EndFont

